company/build/intermediates/manifest_merge_blame_file/debug/manifest-merger-blame-debug-report.txt
1<?xml version="1.0" encoding="utf-8"?>
2<manifest xmlns:android="http://schemas.android.com/apk/res/android"
3    xmlns:dist="http://schemas.android.com/apk/distribution"
4    featureSplit="company"
5    package="com.arafat1419.mengantri_app"
6    android:versionCode="1"
7    android:versionName="1.0" >
8
9    <uses-sdk android:minSdkVersion="21" />
9-->src\main\AndroidManifest.xml
10
11    <dist:module
11-->src\main\AndroidManifest.xml:6:5-14:19
12        dist:instant="false"
12-->src\main\AndroidManifest.xml:7:9-29
13        dist:title="@string/title_company" >
13-->src\main\AndroidManifest.xml:8:9-43
14        <dist:delivery>
14-->src\main\AndroidManifest.xml:9:9-11:25
15            <dist:on-demand />
15-->src\main\AndroidManifest.xml:10:13-31
16        </dist:delivery>
17
18        <dist:fusing dist:include="true" />
18-->src\main\AndroidManifest.xml:13:9-44
18-->src\main\AndroidManifest.xml:13:22-41
19    </dist:module>
20
21    <application android:debuggable="true" >
21-->src\main\AndroidManifest.xml:16:5-20:19
22        <activity
22-->src\main\AndroidManifest.xml:17:9-19:40
23            android:name="com.arafat1419.mengantri_app.company.CompanyActivity"
23-->src\main\AndroidManifest.xml:18:13-44
24            android:exported="false"
24-->src\main\AndroidManifest.xml:19:13-37
25            android:splitName="company" />
26    </application>
27
28</manifest>